<?xml version="1.0" encoding="UTF-8"?>
<testng-results skipped="0" failed="0" ignored="0" total="4" passed="4">
  <reporter-output>
  </reporter-output>
  <suite name="Test Assignment" duration-ms="9278" started-at="2019-12-10T18:07:02Z" finished-at="2019-12-10T18:07:11Z">
    <groups>
    </groups>
    <test name="Test Assignment" duration-ms="9278" started-at="2019-12-10T18:07:02Z" finished-at="2019-12-10T18:07:11Z">
      <class name="com.test.qa.testcases.FlipkartTest">
        <test-method status="PASS" signature="setUp()[pri:0, instance:com.test.qa.testcases.FlipkartTest@91161c7]" name="setUp" is-config="true" duration-ms="4975" started-at="2019-12-10T23:36:57Z" finished-at="2019-12-10T23:37:02Z">
          <reporter-output>
          </reporter-output>
        </test-method> <!-- setUp -->
        <test-method status="PASS" signature="loginPageTitleTest()[pri:1, instance:com.test.qa.testcases.FlipkartTest@91161c7]" name="loginPageTitleTest" duration-ms="211" started-at="2019-12-10T23:37:02Z" finished-at="2019-12-10T23:37:02Z">
          <reporter-output>
          </reporter-output>
        </test-method> <!-- loginPageTitleTest -->
        <test-method status="PASS" signature="enterSearchItem()[pri:2, instance:com.test.qa.testcases.FlipkartTest@91161c7]" name="enterSearchItem" duration-ms="497" started-at="2019-12-10T23:37:02Z" finished-at="2019-12-10T23:37:03Z">
          <reporter-output>
          </reporter-output>
        </test-method> <!-- enterSearchItem -->
        <test-method status="PASS" signature="applyFilters()[pri:3, instance:com.test.qa.testcases.FlipkartTest@91161c7]" name="applyFilters" duration-ms="5081" started-at="2019-12-10T23:37:03Z" finished-at="2019-12-10T23:37:08Z">
          <reporter-output>
          </reporter-output>
        </test-method> <!-- applyFilters -->
        <test-method status="PASS" signature="displayResults()[pri:4, instance:com.test.qa.testcases.FlipkartTest@91161c7]" name="displayResults" duration-ms="3453" started-at="2019-12-10T23:37:08Z" finished-at="2019-12-10T23:37:11Z">
          <reporter-output>
          </reporter-output>
        </test-method> <!-- displayResults -->
        <test-method status="PASS" signature="tearDown()[pri:0, instance:com.test.qa.testcases.FlipkartTest@91161c7]" name="tearDown" is-config="true" duration-ms="83" started-at="2019-12-10T23:37:11Z" finished-at="2019-12-10T23:37:11Z">
          <reporter-output>
          </reporter-output>
        </test-method> <!-- tearDown -->
      </class> <!-- com.test.qa.testcases.FlipkartTest -->
    </test> <!-- Test Assignment -->
  </suite> <!-- Test Assignment -->
</testng-results>
