<?xml version="1.0" encoding="UTF-8"?>
<!-- Generated by org.testng.reporters.JUnitXMLReporter -->
<testsuite hostname="A4G079-PCUbuntu" ignored="0" name="Test Assignment" tests="4" failures="0" timestamp="10 Dec 2019 18:07:11 GMT" time="9.278" errors="0">
  <testcase name="loginPageTitleTest" time="0.211" classname="com.test.qa.testcases.FlipkartTest"/>
  <testcase name="enterSearchItem" time="0.497" classname="com.test.qa.testcases.FlipkartTest"/>
  <testcase name="applyFilters" time="5.081" classname="com.test.qa.testcases.FlipkartTest"/>
  <testcase name="displayResults" time="3.453" classname="com.test.qa.testcases.FlipkartTest"/>
</testsuite> <!-- Test Assignment -->
