<?xml version="1.0" encoding="UTF-8"?>
<!-- Generated by org.testng.reporters.JUnitXMLReporter -->
<testsuite hostname="A4G079-PCUbuntu" ignored="0" name="Test Assignment" tests="4" failures="0" timestamp="11 Dec 2019 05:40:53 GMT" time="9.18" errors="0">
  <testcase name="loginPageTitleTest" time="0.219" classname="com.test.qa.testcases.FlipkartTest"/>
  <testcase name="enterSearchItem" time="0.515" classname="com.test.qa.testcases.FlipkartTest"/>
  <testcase name="applyFilters" time="5.032" classname="com.test.qa.testcases.FlipkartTest"/>
  <testcase name="displayResults" time="3.391" classname="com.test.qa.testcases.FlipkartTest"/>
</testsuite> <!-- Test Assignment -->
